Restoring model...
Restore from /home/yx-wan/newhome/checkpoint/inception_v3/inception_v3.ckpt
Printing Variable:
	InceptionV3/Conv2d_1a_3x3/weights:(3, 3, 3, 32)
	InceptionV3/Conv2d_1a_3x3/BatchNorm/beta:(32,)
	InceptionV3/Conv2d_1a_3x3/BatchNorm/moving_mean:(32,)
	InceptionV3/Conv2d_1a_3x3/BatchNorm/moving_variance:(32,)
	InceptionV3/Conv2d_2a_3x3/weights:(3, 3, 32, 32)
	InceptionV3/Conv2d_2a_3x3/BatchNorm/beta:(32,)
	InceptionV3/Conv2d_2a_3x3/BatchNorm/moving_mean:(32,)
	InceptionV3/Conv2d_2a_3x3/BatchNorm/moving_variance:(32,)
	InceptionV3/Conv2d_2b_3x3/weights:(3, 3, 32, 64)
	InceptionV3/Conv2d_2b_3x3/BatchNorm/beta:(64,)
	InceptionV3/Conv2d_2b_3x3/BatchNorm/moving_mean:(64,)
	InceptionV3/Conv2d_2b_3x3/BatchNorm/moving_variance:(64,)
	InceptionV3/Conv2d_3b_1x1/weights:(1, 1, 64, 80)
	InceptionV3/Conv2d_3b_1x1/BatchNorm/beta:(80,)
	InceptionV3/Conv2d_3b_1x1/BatchNorm/moving_mean:(80,)
	InceptionV3/Conv2d_3b_1x1/BatchNorm/moving_variance:(80,)
	InceptionV3/Conv2d_4a_3x3/weights:(3, 3, 80, 192)
	InceptionV3/Conv2d_4a_3x3/BatchNorm/beta:(192,)
	InceptionV3/Conv2d_4a_3x3/BatchNorm/moving_mean:(192,)
	InceptionV3/Conv2d_4a_3x3/BatchNorm/moving_variance:(192,)
	InceptionV3/Mixed_5b/Branch_0/Conv2d_0a_1x1/weights:(1, 1, 192, 64)
	InceptionV3/Mixed_5b/Branch_0/Conv2d_0a_1x1/BatchNorm/beta:(64,)
	InceptionV3/Mixed_5b/Branch_0/Conv2d_0a_1x1/BatchNorm/moving_mean:(64,)
	InceptionV3/Mixed_5b/Branch_0/Conv2d_0a_1x1/BatchNorm/moving_variance:(64,)
	InceptionV3/Mixed_5b/Branch_1/Conv2d_0a_1x1/weights:(1, 1, 192, 48)
	InceptionV3/Mixed_5b/Branch_1/Conv2d_0a_1x1/BatchNorm/beta:(48,)
	InceptionV3/Mixed_5b/Branch_1/Conv2d_0a_1x1/BatchNorm/moving_mean:(48,)
	InceptionV3/Mixed_5b/Branch_1/Conv2d_0a_1x1/BatchNorm/moving_variance:(48,)
	InceptionV3/Mixed_5b/Branch_1/Conv2d_0b_5x5/weights:(5, 5, 48, 64)
	InceptionV3/Mixed_5b/Branch_1/Conv2d_0b_5x5/BatchNorm/beta:(64,)
	InceptionV3/Mixed_5b/Branch_1/Conv2d_0b_5x5/BatchNorm/moving_mean:(64,)
	InceptionV3/Mixed_5b/Branch_1/Conv2d_0b_5x5/BatchNorm/moving_variance:(64,)
	InceptionV3/Mixed_5b/Branch_2/Conv2d_0a_1x1/weights:(1, 1, 192, 64)
	InceptionV3/Mixed_5b/Branch_2/Conv2d_0a_1x1/BatchNorm/beta:(64,)
	InceptionV3/Mixed_5b/Branch_2/Conv2d_0a_1x1/BatchNorm/moving_mean:(64,)
	InceptionV3/Mixed_5b/Branch_2/Conv2d_0a_1x1/BatchNorm/moving_variance:(64,)
	InceptionV3/Mixed_5b/Branch_2/Conv2d_0b_3x3/weights:(3, 3, 64, 96)
	InceptionV3/Mixed_5b/Branch_2/Conv2d_0b_3x3/BatchNorm/beta:(96,)
	InceptionV3/Mixed_5b/Branch_2/Conv2d_0b_3x3/BatchNorm/moving_mean:(96,)
	InceptionV3/Mixed_5b/Branch_2/Conv2d_0b_3x3/BatchNorm/moving_variance:(96,)
	InceptionV3/Mixed_5b/Branch_2/Conv2d_0c_3x3/weights:(3, 3, 96, 96)
	InceptionV3/Mixed_5b/Branch_2/Conv2d_0c_3x3/BatchNorm/beta:(96,)
	InceptionV3/Mixed_5b/Branch_2/Conv2d_0c_3x3/BatchNorm/moving_mean:(96,)
	InceptionV3/Mixed_5b/Branch_2/Conv2d_0c_3x3/BatchNorm/moving_variance:(96,)
	InceptionV3/Mixed_5b/Branch_3/Conv2d_0b_1x1/weights:(1, 1, 192, 32)
	InceptionV3/Mixed_5b/Branch_3/Conv2d_0b_1x1/BatchNorm/beta:(32,)
	InceptionV3/Mixed_5b/Branch_3/Conv2d_0b_1x1/BatchNorm/moving_mean:(32,)
	InceptionV3/Mixed_5b/Branch_3/Conv2d_0b_1x1/BatchNorm/moving_variance:(32,)
	InceptionV3/Mixed_5c/Branch_0/Conv2d_0a_1x1/weights:(1, 1, 256, 64)
	InceptionV3/Mixed_5c/Branch_0/Conv2d_0a_1x1/BatchNorm/beta:(64,)
	InceptionV3/Mixed_5c/Branch_0/Conv2d_0a_1x1/BatchNorm/moving_mean:(64,)
	InceptionV3/Mixed_5c/Branch_0/Conv2d_0a_1x1/BatchNorm/moving_variance:(64,)
	InceptionV3/Mixed_5c/Branch_1/Conv2d_0b_1x1/weights:(1, 1, 256, 48)
	InceptionV3/Mixed_5c/Branch_1/Conv2d_0b_1x1/BatchNorm/beta:(48,)
	InceptionV3/Mixed_5c/Branch_1/Conv2d_0b_1x1/BatchNorm/moving_mean:(48,)
	InceptionV3/Mixed_5c/Branch_1/Conv2d_0b_1x1/BatchNorm/moving_variance:(48,)
	InceptionV3/Mixed_5c/Branch_1/Conv_1_0c_5x5/weights:(5, 5, 48, 64)
	InceptionV3/Mixed_5c/Branch_1/Conv_1_0c_5x5/BatchNorm/beta:(64,)
	InceptionV3/Mixed_5c/Branch_1/Conv_1_0c_5x5/BatchNorm/moving_mean:(64,)
	InceptionV3/Mixed_5c/Branch_1/Conv_1_0c_5x5/BatchNorm/moving_variance:(64,)
	InceptionV3/Mixed_5c/Branch_2/Conv2d_0a_1x1/weights:(1, 1, 256, 64)
	InceptionV3/Mixed_5c/Branch_2/Conv2d_0a_1x1/BatchNorm/beta:(64,)
	InceptionV3/Mixed_5c/Branch_2/Conv2d_0a_1x1/BatchNorm/moving_mean:(64,)
	InceptionV3/Mixed_5c/Branch_2/Conv2d_0a_1x1/BatchNorm/moving_variance:(64,)
	InceptionV3/Mixed_5c/Branch_2/Conv2d_0b_3x3/weights:(3, 3, 64, 96)
	InceptionV3/Mixed_5c/Branch_2/Conv2d_0b_3x3/BatchNorm/beta:(96,)
	InceptionV3/Mixed_5c/Branch_2/Conv2d_0b_3x3/BatchNorm/moving_mean:(96,)
	InceptionV3/Mixed_5c/Branch_2/Conv2d_0b_3x3/BatchNorm/moving_variance:(96,)
	InceptionV3/Mixed_5c/Branch_2/Conv2d_0c_3x3/weights:(3, 3, 96, 96)
	InceptionV3/Mixed_5c/Branch_2/Conv2d_0c_3x3/BatchNorm/beta:(96,)
	InceptionV3/Mixed_5c/Branch_2/Conv2d_0c_3x3/BatchNorm/moving_mean:(96,)
	InceptionV3/Mixed_5c/Branch_2/Conv2d_0c_3x3/BatchNorm/moving_variance:(96,)
	InceptionV3/Mixed_5c/Branch_3/Conv2d_0b_1x1/weights:(1, 1, 256, 64)
	InceptionV3/Mixed_5c/Branch_3/Conv2d_0b_1x1/BatchNorm/beta:(64,)
	InceptionV3/Mixed_5c/Branch_3/Conv2d_0b_1x1/BatchNorm/moving_mean:(64,)
	InceptionV3/Mixed_5c/Branch_3/Conv2d_0b_1x1/BatchNorm/moving_variance:(64,)
	InceptionV3/Mixed_5d/Branch_0/Conv2d_0a_1x1/weights:(1, 1, 288, 64)
	InceptionV3/Mixed_5d/Branch_0/Conv2d_0a_1x1/BatchNorm/beta:(64,)
	InceptionV3/Mixed_5d/Branch_0/Conv2d_0a_1x1/BatchNorm/moving_mean:(64,)
	InceptionV3/Mixed_5d/Branch_0/Conv2d_0a_1x1/BatchNorm/moving_variance:(64,)
	InceptionV3/Mixed_5d/Branch_1/Conv2d_0a_1x1/weights:(1, 1, 288, 48)
	InceptionV3/Mixed_5d/Branch_1/Conv2d_0a_1x1/BatchNorm/beta:(48,)
	InceptionV3/Mixed_5d/Branch_1/Conv2d_0a_1x1/BatchNorm/moving_mean:(48,)
	InceptionV3/Mixed_5d/Branch_1/Conv2d_0a_1x1/BatchNorm/moving_variance:(48,)
	InceptionV3/Mixed_5d/Branch_1/Conv2d_0b_5x5/weights:(5, 5, 48, 64)
	InceptionV3/Mixed_5d/Branch_1/Conv2d_0b_5x5/BatchNorm/beta:(64,)
	InceptionV3/Mixed_5d/Branch_1/Conv2d_0b_5x5/BatchNorm/moving_mean:(64,)
	InceptionV3/Mixed_5d/Branch_1/Conv2d_0b_5x5/BatchNorm/moving_variance:(64,)
	InceptionV3/Mixed_5d/Branch_2/Conv2d_0a_1x1/weights:(1, 1, 288, 64)
	InceptionV3/Mixed_5d/Branch_2/Conv2d_0a_1x1/BatchNorm/beta:(64,)
	InceptionV3/Mixed_5d/Branch_2/Conv2d_0a_1x1/BatchNorm/moving_mean:(64,)
	InceptionV3/Mixed_5d/Branch_2/Conv2d_0a_1x1/BatchNorm/moving_variance:(64,)
	InceptionV3/Mixed_5d/Branch_2/Conv2d_0b_3x3/weights:(3, 3, 64, 96)
	InceptionV3/Mixed_5d/Branch_2/Conv2d_0b_3x3/BatchNorm/beta:(96,)
	InceptionV3/Mixed_5d/Branch_2/Conv2d_0b_3x3/BatchNorm/moving_mean:(96,)
	InceptionV3/Mixed_5d/Branch_2/Conv2d_0b_3x3/BatchNorm/moving_variance:(96,)
	InceptionV3/Mixed_5d/Branch_2/Conv2d_0c_3x3/weights:(3, 3, 96, 96)
	InceptionV3/Mixed_5d/Branch_2/Conv2d_0c_3x3/BatchNorm/beta:(96,)
	InceptionV3/Mixed_5d/Branch_2/Conv2d_0c_3x3/BatchNorm/moving_mean:(96,)
	InceptionV3/Mixed_5d/Branch_2/Conv2d_0c_3x3/BatchNorm/moving_variance:(96,)
	InceptionV3/Mixed_5d/Branch_3/Conv2d_0b_1x1/weights:(1, 1, 288, 64)
	InceptionV3/Mixed_5d/Branch_3/Conv2d_0b_1x1/BatchNorm/beta:(64,)
	InceptionV3/Mixed_5d/Branch_3/Conv2d_0b_1x1/BatchNorm/moving_mean:(64,)
	InceptionV3/Mixed_5d/Branch_3/Conv2d_0b_1x1/BatchNorm/moving_variance:(64,)
	InceptionV3/Mixed_6a/Branch_0/Conv2d_1a_1x1/weights:(3, 3, 288, 384)
	InceptionV3/Mixed_6a/Branch_0/Conv2d_1a_1x1/BatchNorm/beta:(384,)
	InceptionV3/Mixed_6a/Branch_0/Conv2d_1a_1x1/BatchNorm/moving_mean:(384,)
	InceptionV3/Mixed_6a/Branch_0/Conv2d_1a_1x1/BatchNorm/moving_variance:(384,)
	InceptionV3/Mixed_6a/Branch_1/Conv2d_0a_1x1/weights:(1, 1, 288, 64)
	InceptionV3/Mixed_6a/Branch_1/Conv2d_0a_1x1/BatchNorm/beta:(64,)
	InceptionV3/Mixed_6a/Branch_1/Conv2d_0a_1x1/BatchNorm/moving_mean:(64,)
	InceptionV3/Mixed_6a/Branch_1/Conv2d_0a_1x1/BatchNorm/moving_variance:(64,)
	InceptionV3/Mixed_6a/Branch_1/Conv2d_0b_3x3/weights:(3, 3, 64, 96)
	InceptionV3/Mixed_6a/Branch_1/Conv2d_0b_3x3/BatchNorm/beta:(96,)
	InceptionV3/Mixed_6a/Branch_1/Conv2d_0b_3x3/BatchNorm/moving_mean:(96,)
	InceptionV3/Mixed_6a/Branch_1/Conv2d_0b_3x3/BatchNorm/moving_variance:(96,)
	InceptionV3/Mixed_6a/Branch_1/Conv2d_1a_1x1/weights:(3, 3, 96, 96)
	InceptionV3/Mixed_6a/Branch_1/Conv2d_1a_1x1/BatchNorm/beta:(96,)
	InceptionV3/Mixed_6a/Branch_1/Conv2d_1a_1x1/BatchNorm/moving_mean:(96,)
	InceptionV3/Mixed_6a/Branch_1/Conv2d_1a_1x1/BatchNorm/moving_variance:(96,)
	InceptionV3/Mixed_6b/Branch_0/Conv2d_0a_1x1/weights:(1, 1, 768, 192)
	InceptionV3/Mixed_6b/Branch_0/Conv2d_0a_1x1/BatchNorm/beta:(192,)
	InceptionV3/Mixed_6b/Branch_0/Conv2d_0a_1x1/BatchNorm/moving_mean:(192,)
	InceptionV3/Mixed_6b/Branch_0/Conv2d_0a_1x1/BatchNorm/moving_variance:(192,)
	InceptionV3/Mixed_6b/Branch_1/Conv2d_0a_1x1/weights:(1, 1, 768, 128)
	InceptionV3/Mixed_6b/Branch_1/Conv2d_0a_1x1/BatchNorm/beta:(128,)
	InceptionV3/Mixed_6b/Branch_1/Conv2d_0a_1x1/BatchNorm/moving_mean:(128,)
	InceptionV3/Mixed_6b/Branch_1/Conv2d_0a_1x1/BatchNorm/moving_variance:(128,)
	InceptionV3/Mixed_6b/Branch_1/Conv2d_0b_1x7/weights:(1, 7, 128, 128)
	InceptionV3/Mixed_6b/Branch_1/Conv2d_0b_1x7/BatchNorm/beta:(128,)
	InceptionV3/Mixed_6b/Branch_1/Conv2d_0b_1x7/BatchNorm/moving_mean:(128,)
	InceptionV3/Mixed_6b/Branch_1/Conv2d_0b_1x7/BatchNorm/moving_variance:(128,)
	InceptionV3/Mixed_6b/Branch_1/Conv2d_0c_7x1/weights:(7, 1, 128, 192)
	InceptionV3/Mixed_6b/Branch_1/Conv2d_0c_7x1/BatchNorm/beta:(192,)
	InceptionV3/Mixed_6b/Branch_1/Conv2d_0c_7x1/BatchNorm/moving_mean:(192,)
	InceptionV3/Mixed_6b/Branch_1/Conv2d_0c_7x1/BatchNorm/moving_variance:(192,)
	InceptionV3/Mixed_6b/Branch_2/Conv2d_0a_1x1/weights:(1, 1, 768, 128)
	InceptionV3/Mixed_6b/Branch_2/Conv2d_0a_1x1/BatchNorm/beta:(128,)
	InceptionV3/Mixed_6b/Branch_2/Conv2d_0a_1x1/BatchNorm/moving_mean:(128,)
	InceptionV3/Mixed_6b/Branch_2/Conv2d_0a_1x1/BatchNorm/moving_variance:(128,)
	InceptionV3/Mixed_6b/Branch_2/Conv2d_0b_7x1/weights:(7, 1, 128, 128)
	InceptionV3/Mixed_6b/Branch_2/Conv2d_0b_7x1/BatchNorm/beta:(128,)
	InceptionV3/Mixed_6b/Branch_2/Conv2d_0b_7x1/BatchNorm/moving_mean:(128,)
	InceptionV3/Mixed_6b/Branch_2/Conv2d_0b_7x1/BatchNorm/moving_variance:(128,)
	InceptionV3/Mixed_6b/Branch_2/Conv2d_0c_1x7/weights:(1, 7, 128, 128)
	InceptionV3/Mixed_6b/Branch_2/Conv2d_0c_1x7/BatchNorm/beta:(128,)
	InceptionV3/Mixed_6b/Branch_2/Conv2d_0c_1x7/BatchNorm/moving_mean:(128,)
	InceptionV3/Mixed_6b/Branch_2/Conv2d_0c_1x7/BatchNorm/moving_variance:(128,)
	InceptionV3/Mixed_6b/Branch_2/Conv2d_0d_7x1/weights:(7, 1, 128, 128)
	InceptionV3/Mixed_6b/Branch_2/Conv2d_0d_7x1/BatchNorm/beta:(128,)
	InceptionV3/Mixed_6b/Branch_2/Conv2d_0d_7x1/BatchNorm/moving_mean:(128,)
	InceptionV3/Mixed_6b/Branch_2/Conv2d_0d_7x1/BatchNorm/moving_variance:(128,)
	InceptionV3/Mixed_6b/Branch_2/Conv2d_0e_1x7/weights:(1, 7, 128, 192)
	InceptionV3/Mixed_6b/Branch_2/Conv2d_0e_1x7/BatchNorm/beta:(192,)
	InceptionV3/Mixed_6b/Branch_2/Conv2d_0e_1x7/BatchNorm/moving_mean:(192,)
	InceptionV3/Mixed_6b/Branch_2/Conv2d_0e_1x7/BatchNorm/moving_variance:(192,)
	InceptionV3/Mixed_6b/Branch_3/Conv2d_0b_1x1/weights:(1, 1, 768, 192)
	InceptionV3/Mixed_6b/Branch_3/Conv2d_0b_1x1/BatchNorm/beta:(192,)
	InceptionV3/Mixed_6b/Branch_3/Conv2d_0b_1x1/BatchNorm/moving_mean:(192,)
	InceptionV3/Mixed_6b/Branch_3/Conv2d_0b_1x1/BatchNorm/moving_variance:(192,)
	InceptionV3/Mixed_6c/Branch_0/Conv2d_0a_1x1/weights:(1, 1, 768, 192)
	InceptionV3/Mixed_6c/Branch_0/Conv2d_0a_1x1/BatchNorm/beta:(192,)
	InceptionV3/Mixed_6c/Branch_0/Conv2d_0a_1x1/BatchNorm/moving_mean:(192,)
	InceptionV3/Mixed_6c/Branch_0/Conv2d_0a_1x1/BatchNorm/moving_variance:(192,)
	InceptionV3/Mixed_6c/Branch_1/Conv2d_0a_1x1/weights:(1, 1, 768, 160)
	InceptionV3/Mixed_6c/Branch_1/Conv2d_0a_1x1/BatchNorm/beta:(160,)
	InceptionV3/Mixed_6c/Branch_1/Conv2d_0a_1x1/BatchNorm/moving_mean:(160,)
	InceptionV3/Mixed_6c/Branch_1/Conv2d_0a_1x1/BatchNorm/moving_variance:(160,)
	InceptionV3/Mixed_6c/Branch_1/Conv2d_0b_1x7/weights:(1, 7, 160, 160)
	InceptionV3/Mixed_6c/Branch_1/Conv2d_0b_1x7/BatchNorm/beta:(160,)
	InceptionV3/Mixed_6c/Branch_1/Conv2d_0b_1x7/BatchNorm/moving_mean:(160,)
	InceptionV3/Mixed_6c/Branch_1/Conv2d_0b_1x7/BatchNorm/moving_variance:(160,)
	InceptionV3/Mixed_6c/Branch_1/Conv2d_0c_7x1/weights:(7, 1, 160, 192)
	InceptionV3/Mixed_6c/Branch_1/Conv2d_0c_7x1/BatchNorm/beta:(192,)
	InceptionV3/Mixed_6c/Branch_1/Conv2d_0c_7x1/BatchNorm/moving_mean:(192,)
	InceptionV3/Mixed_6c/Branch_1/Conv2d_0c_7x1/BatchNorm/moving_variance:(192,)
	InceptionV3/Mixed_6c/Branch_2/Conv2d_0a_1x1/weights:(1, 1, 768, 160)
	InceptionV3/Mixed_6c/Branch_2/Conv2d_0a_1x1/BatchNorm/beta:(160,)
	InceptionV3/Mixed_6c/Branch_2/Conv2d_0a_1x1/BatchNorm/moving_mean:(160,)
	InceptionV3/Mixed_6c/Branch_2/Conv2d_0a_1x1/BatchNorm/moving_variance:(160,)
	InceptionV3/Mixed_6c/Branch_2/Conv2d_0b_7x1/weights:(7, 1, 160, 160)
	InceptionV3/Mixed_6c/Branch_2/Conv2d_0b_7x1/BatchNorm/beta:(160,)
	InceptionV3/Mixed_6c/Branch_2/Conv2d_0b_7x1/BatchNorm/moving_mean:(160,)
	InceptionV3/Mixed_6c/Branch_2/Conv2d_0b_7x1/BatchNorm/moving_variance:(160,)
	InceptionV3/Mixed_6c/Branch_2/Conv2d_0c_1x7/weights:(1, 7, 160, 160)
	InceptionV3/Mixed_6c/Branch_2/Conv2d_0c_1x7/BatchNorm/beta:(160,)
	InceptionV3/Mixed_6c/Branch_2/Conv2d_0c_1x7/BatchNorm/moving_mean:(160,)
	InceptionV3/Mixed_6c/Branch_2/Conv2d_0c_1x7/BatchNorm/moving_variance:(160,)
	InceptionV3/Mixed_6c/Branch_2/Conv2d_0d_7x1/weights:(7, 1, 160, 160)
	InceptionV3/Mixed_6c/Branch_2/Conv2d_0d_7x1/BatchNorm/beta:(160,)
	InceptionV3/Mixed_6c/Branch_2/Conv2d_0d_7x1/BatchNorm/moving_mean:(160,)
	InceptionV3/Mixed_6c/Branch_2/Conv2d_0d_7x1/BatchNorm/moving_variance:(160,)
	InceptionV3/Mixed_6c/Branch_2/Conv2d_0e_1x7/weights:(1, 7, 160, 192)
	InceptionV3/Mixed_6c/Branch_2/Conv2d_0e_1x7/BatchNorm/beta:(192,)
	InceptionV3/Mixed_6c/Branch_2/Conv2d_0e_1x7/BatchNorm/moving_mean:(192,)
	InceptionV3/Mixed_6c/Branch_2/Conv2d_0e_1x7/BatchNorm/moving_variance:(192,)
	InceptionV3/Mixed_6c/Branch_3/Conv2d_0b_1x1/weights:(1, 1, 768, 192)
	InceptionV3/Mixed_6c/Branch_3/Conv2d_0b_1x1/BatchNorm/beta:(192,)
	InceptionV3/Mixed_6c/Branch_3/Conv2d_0b_1x1/BatchNorm/moving_mean:(192,)
	InceptionV3/Mixed_6c/Branch_3/Conv2d_0b_1x1/BatchNorm/moving_variance:(192,)
	InceptionV3/Mixed_6d/Branch_0/Conv2d_0a_1x1/weights:(1, 1, 768, 192)
	InceptionV3/Mixed_6d/Branch_0/Conv2d_0a_1x1/BatchNorm/beta:(192,)
	InceptionV3/Mixed_6d/Branch_0/Conv2d_0a_1x1/BatchNorm/moving_mean:(192,)
	InceptionV3/Mixed_6d/Branch_0/Conv2d_0a_1x1/BatchNorm/moving_variance:(192,)
	InceptionV3/Mixed_6d/Branch_1/Conv2d_0a_1x1/weights:(1, 1, 768, 160)
	InceptionV3/Mixed_6d/Branch_1/Conv2d_0a_1x1/BatchNorm/beta:(160,)
	InceptionV3/Mixed_6d/Branch_1/Conv2d_0a_1x1/BatchNorm/moving_mean:(160,)
	InceptionV3/Mixed_6d/Branch_1/Conv2d_0a_1x1/BatchNorm/moving_variance:(160,)
	InceptionV3/Mixed_6d/Branch_1/Conv2d_0b_1x7/weights:(1, 7, 160, 160)
	InceptionV3/Mixed_6d/Branch_1/Conv2d_0b_1x7/BatchNorm/beta:(160,)
	InceptionV3/Mixed_6d/Branch_1/Conv2d_0b_1x7/BatchNorm/moving_mean:(160,)
	InceptionV3/Mixed_6d/Branch_1/Conv2d_0b_1x7/BatchNorm/moving_variance:(160,)
	InceptionV3/Mixed_6d/Branch_1/Conv2d_0c_7x1/weights:(7, 1, 160, 192)
	InceptionV3/Mixed_6d/Branch_1/Conv2d_0c_7x1/BatchNorm/beta:(192,)
	InceptionV3/Mixed_6d/Branch_1/Conv2d_0c_7x1/BatchNorm/moving_mean:(192,)
	InceptionV3/Mixed_6d/Branch_1/Conv2d_0c_7x1/BatchNorm/moving_variance:(192,)
	InceptionV3/Mixed_6d/Branch_2/Conv2d_0a_1x1/weights:(1, 1, 768, 160)
	InceptionV3/Mixed_6d/Branch_2/Conv2d_0a_1x1/BatchNorm/beta:(160,)
	InceptionV3/Mixed_6d/Branch_2/Conv2d_0a_1x1/BatchNorm/moving_mean:(160,)
	InceptionV3/Mixed_6d/Branch_2/Conv2d_0a_1x1/BatchNorm/moving_variance:(160,)
	InceptionV3/Mixed_6d/Branch_2/Conv2d_0b_7x1/weights:(7, 1, 160, 160)
	InceptionV3/Mixed_6d/Branch_2/Conv2d_0b_7x1/BatchNorm/beta:(160,)
	InceptionV3/Mixed_6d/Branch_2/Conv2d_0b_7x1/BatchNorm/moving_mean:(160,)
	InceptionV3/Mixed_6d/Branch_2/Conv2d_0b_7x1/BatchNorm/moving_variance:(160,)
	InceptionV3/Mixed_6d/Branch_2/Conv2d_0c_1x7/weights:(1, 7, 160, 160)
	InceptionV3/Mixed_6d/Branch_2/Conv2d_0c_1x7/BatchNorm/beta:(160,)
	InceptionV3/Mixed_6d/Branch_2/Conv2d_0c_1x7/BatchNorm/moving_mean:(160,)
	InceptionV3/Mixed_6d/Branch_2/Conv2d_0c_1x7/BatchNorm/moving_variance:(160,)
	InceptionV3/Mixed_6d/Branch_2/Conv2d_0d_7x1/weights:(7, 1, 160, 160)
	InceptionV3/Mixed_6d/Branch_2/Conv2d_0d_7x1/BatchNorm/beta:(160,)
	InceptionV3/Mixed_6d/Branch_2/Conv2d_0d_7x1/BatchNorm/moving_mean:(160,)
	InceptionV3/Mixed_6d/Branch_2/Conv2d_0d_7x1/BatchNorm/moving_variance:(160,)
	InceptionV3/Mixed_6d/Branch_2/Conv2d_0e_1x7/weights:(1, 7, 160, 192)
	InceptionV3/Mixed_6d/Branch_2/Conv2d_0e_1x7/BatchNorm/beta:(192,)
	InceptionV3/Mixed_6d/Branch_2/Conv2d_0e_1x7/BatchNorm/moving_mean:(192,)
	InceptionV3/Mixed_6d/Branch_2/Conv2d_0e_1x7/BatchNorm/moving_variance:(192,)
	InceptionV3/Mixed_6d/Branch_3/Conv2d_0b_1x1/weights:(1, 1, 768, 192)
	InceptionV3/Mixed_6d/Branch_3/Conv2d_0b_1x1/BatchNorm/beta:(192,)
	InceptionV3/Mixed_6d/Branch_3/Conv2d_0b_1x1/BatchNorm/moving_mean:(192,)
	InceptionV3/Mixed_6d/Branch_3/Conv2d_0b_1x1/BatchNorm/moving_variance:(192,)
	InceptionV3/Mixed_6e/Branch_0/Conv2d_0a_1x1/weights:(1, 1, 768, 192)
	InceptionV3/Mixed_6e/Branch_0/Conv2d_0a_1x1/BatchNorm/beta:(192,)
	InceptionV3/Mixed_6e/Branch_0/Conv2d_0a_1x1/BatchNorm/moving_mean:(192,)
	InceptionV3/Mixed_6e/Branch_0/Conv2d_0a_1x1/BatchNorm/moving_variance:(192,)
	InceptionV3/Mixed_6e/Branch_1/Conv2d_0a_1x1/weights:(1, 1, 768, 192)
	InceptionV3/Mixed_6e/Branch_1/Conv2d_0a_1x1/BatchNorm/beta:(192,)
	InceptionV3/Mixed_6e/Branch_1/Conv2d_0a_1x1/BatchNorm/moving_mean:(192,)
	InceptionV3/Mixed_6e/Branch_1/Conv2d_0a_1x1/BatchNorm/moving_variance:(192,)
	InceptionV3/Mixed_6e/Branch_1/Conv2d_0b_1x7/weights:(1, 7, 192, 192)
	InceptionV3/Mixed_6e/Branch_1/Conv2d_0b_1x7/BatchNorm/beta:(192,)
	InceptionV3/Mixed_6e/Branch_1/Conv2d_0b_1x7/BatchNorm/moving_mean:(192,)
	InceptionV3/Mixed_6e/Branch_1/Conv2d_0b_1x7/BatchNorm/moving_variance:(192,)
	InceptionV3/Mixed_6e/Branch_1/Conv2d_0c_7x1/weights:(7, 1, 192, 192)
	InceptionV3/Mixed_6e/Branch_1/Conv2d_0c_7x1/BatchNorm/beta:(192,)
	InceptionV3/Mixed_6e/Branch_1/Conv2d_0c_7x1/BatchNorm/moving_mean:(192,)
	InceptionV3/Mixed_6e/Branch_1/Conv2d_0c_7x1/BatchNorm/moving_variance:(192,)
	InceptionV3/Mixed_6e/Branch_2/Conv2d_0a_1x1/weights:(1, 1, 768, 192)
	InceptionV3/Mixed_6e/Branch_2/Conv2d_0a_1x1/BatchNorm/beta:(192,)
	InceptionV3/Mixed_6e/Branch_2/Conv2d_0a_1x1/BatchNorm/moving_mean:(192,)
	InceptionV3/Mixed_6e/Branch_2/Conv2d_0a_1x1/BatchNorm/moving_variance:(192,)
	InceptionV3/Mixed_6e/Branch_2/Conv2d_0b_7x1/weights:(7, 1, 192, 192)
	InceptionV3/Mixed_6e/Branch_2/Conv2d_0b_7x1/BatchNorm/beta:(192,)
	InceptionV3/Mixed_6e/Branch_2/Conv2d_0b_7x1/BatchNorm/moving_mean:(192,)
	InceptionV3/Mixed_6e/Branch_2/Conv2d_0b_7x1/BatchNorm/moving_variance:(192,)
	InceptionV3/Mixed_6e/Branch_2/Conv2d_0c_1x7/weights:(1, 7, 192, 192)
	InceptionV3/Mixed_6e/Branch_2/Conv2d_0c_1x7/BatchNorm/beta:(192,)
	InceptionV3/Mixed_6e/Branch_2/Conv2d_0c_1x7/BatchNorm/moving_mean:(192,)
	InceptionV3/Mixed_6e/Branch_2/Conv2d_0c_1x7/BatchNorm/moving_variance:(192,)
	InceptionV3/Mixed_6e/Branch_2/Conv2d_0d_7x1/weights:(7, 1, 192, 192)
	InceptionV3/Mixed_6e/Branch_2/Conv2d_0d_7x1/BatchNorm/beta:(192,)
	InceptionV3/Mixed_6e/Branch_2/Conv2d_0d_7x1/BatchNorm/moving_mean:(192,)
	InceptionV3/Mixed_6e/Branch_2/Conv2d_0d_7x1/BatchNorm/moving_variance:(192,)
	InceptionV3/Mixed_6e/Branch_2/Conv2d_0e_1x7/weights:(1, 7, 192, 192)
	InceptionV3/Mixed_6e/Branch_2/Conv2d_0e_1x7/BatchNorm/beta:(192,)
	InceptionV3/Mixed_6e/Branch_2/Conv2d_0e_1x7/BatchNorm/moving_mean:(192,)
	InceptionV3/Mixed_6e/Branch_2/Conv2d_0e_1x7/BatchNorm/moving_variance:(192,)
	InceptionV3/Mixed_6e/Branch_3/Conv2d_0b_1x1/weights:(1, 1, 768, 192)
	InceptionV3/Mixed_6e/Branch_3/Conv2d_0b_1x1/BatchNorm/beta:(192,)
	InceptionV3/Mixed_6e/Branch_3/Conv2d_0b_1x1/BatchNorm/moving_mean:(192,)
	InceptionV3/Mixed_6e/Branch_3/Conv2d_0b_1x1/BatchNorm/moving_variance:(192,)
	InceptionV3/Mixed_7a/Branch_0/Conv2d_0a_1x1/weights:(1, 1, 768, 192)
	InceptionV3/Mixed_7a/Branch_0/Conv2d_0a_1x1/BatchNorm/beta:(192,)
	InceptionV3/Mixed_7a/Branch_0/Conv2d_0a_1x1/BatchNorm/moving_mean:(192,)
	InceptionV3/Mixed_7a/Branch_0/Conv2d_0a_1x1/BatchNorm/moving_variance:(192,)
	InceptionV3/Mixed_7a/Branch_0/Conv2d_1a_3x3/weights:(3, 3, 192, 320)
	InceptionV3/Mixed_7a/Branch_0/Conv2d_1a_3x3/BatchNorm/beta:(320,)
	InceptionV3/Mixed_7a/Branch_0/Conv2d_1a_3x3/BatchNorm/moving_mean:(320,)
	InceptionV3/Mixed_7a/Branch_0/Conv2d_1a_3x3/BatchNorm/moving_variance:(320,)
	InceptionV3/Mixed_7a/Branch_1/Conv2d_0a_1x1/weights:(1, 1, 768, 192)
	InceptionV3/Mixed_7a/Branch_1/Conv2d_0a_1x1/BatchNorm/beta:(192,)
	InceptionV3/Mixed_7a/Branch_1/Conv2d_0a_1x1/BatchNorm/moving_mean:(192,)
	InceptionV3/Mixed_7a/Branch_1/Conv2d_0a_1x1/BatchNorm/moving_variance:(192,)
	InceptionV3/Mixed_7a/Branch_1/Conv2d_0b_1x7/weights:(1, 7, 192, 192)
	InceptionV3/Mixed_7a/Branch_1/Conv2d_0b_1x7/BatchNorm/beta:(192,)
	InceptionV3/Mixed_7a/Branch_1/Conv2d_0b_1x7/BatchNorm/moving_mean:(192,)
	InceptionV3/Mixed_7a/Branch_1/Conv2d_0b_1x7/BatchNorm/moving_variance:(192,)
	InceptionV3/Mixed_7a/Branch_1/Conv2d_0c_7x1/weights:(7, 1, 192, 192)
	InceptionV3/Mixed_7a/Branch_1/Conv2d_0c_7x1/BatchNorm/beta:(192,)
	InceptionV3/Mixed_7a/Branch_1/Conv2d_0c_7x1/BatchNorm/moving_mean:(192,)
	InceptionV3/Mixed_7a/Branch_1/Conv2d_0c_7x1/BatchNorm/moving_variance:(192,)
	InceptionV3/Mixed_7a/Branch_1/Conv2d_1a_3x3/weights:(3, 3, 192, 192)
	InceptionV3/Mixed_7a/Branch_1/Conv2d_1a_3x3/BatchNorm/beta:(192,)
	InceptionV3/Mixed_7a/Branch_1/Conv2d_1a_3x3/BatchNorm/moving_mean:(192,)
	InceptionV3/Mixed_7a/Branch_1/Conv2d_1a_3x3/BatchNorm/moving_variance:(192,)
	InceptionV3/Mixed_7b/Branch_0/Conv2d_0a_1x1/weights:(1, 1, 1280, 320)
	InceptionV3/Mixed_7b/Branch_0/Conv2d_0a_1x1/BatchNorm/beta:(320,)
	InceptionV3/Mixed_7b/Branch_0/Conv2d_0a_1x1/BatchNorm/moving_mean:(320,)
	InceptionV3/Mixed_7b/Branch_0/Conv2d_0a_1x1/BatchNorm/moving_variance:(320,)
	InceptionV3/Mixed_7b/Branch_1/Conv2d_0a_1x1/weights:(1, 1, 1280, 384)
	InceptionV3/Mixed_7b/Branch_1/Conv2d_0a_1x1/BatchNorm/beta:(384,)
	InceptionV3/Mixed_7b/Branch_1/Conv2d_0a_1x1/BatchNorm/moving_mean:(384,)
	InceptionV3/Mixed_7b/Branch_1/Conv2d_0a_1x1/BatchNorm/moving_variance:(384,)
	InceptionV3/Mixed_7b/Branch_1/Conv2d_0b_1x3/weights:(1, 3, 384, 384)
	InceptionV3/Mixed_7b/Branch_1/Conv2d_0b_1x3/BatchNorm/beta:(384,)
	InceptionV3/Mixed_7b/Branch_1/Conv2d_0b_1x3/BatchNorm/moving_mean:(384,)
	InceptionV3/Mixed_7b/Branch_1/Conv2d_0b_1x3/BatchNorm/moving_variance:(384,)
	InceptionV3/Mixed_7b/Branch_1/Conv2d_0b_3x1/weights:(3, 1, 384, 384)
	InceptionV3/Mixed_7b/Branch_1/Conv2d_0b_3x1/BatchNorm/beta:(384,)
	InceptionV3/Mixed_7b/Branch_1/Conv2d_0b_3x1/BatchNorm/moving_mean:(384,)
	InceptionV3/Mixed_7b/Branch_1/Conv2d_0b_3x1/BatchNorm/moving_variance:(384,)
	InceptionV3/Mixed_7b/Branch_2/Conv2d_0a_1x1/weights:(1, 1, 1280, 448)
	InceptionV3/Mixed_7b/Branch_2/Conv2d_0a_1x1/BatchNorm/beta:(448,)
	InceptionV3/Mixed_7b/Branch_2/Conv2d_0a_1x1/BatchNorm/moving_mean:(448,)
	InceptionV3/Mixed_7b/Branch_2/Conv2d_0a_1x1/BatchNorm/moving_variance:(448,)
	InceptionV3/Mixed_7b/Branch_2/Conv2d_0b_3x3/weights:(3, 3, 448, 384)
	InceptionV3/Mixed_7b/Branch_2/Conv2d_0b_3x3/BatchNorm/beta:(384,)
	InceptionV3/Mixed_7b/Branch_2/Conv2d_0b_3x3/BatchNorm/moving_mean:(384,)
	InceptionV3/Mixed_7b/Branch_2/Conv2d_0b_3x3/BatchNorm/moving_variance:(384,)
	InceptionV3/Mixed_7b/Branch_2/Conv2d_0c_1x3/weights:(1, 3, 384, 384)
	InceptionV3/Mixed_7b/Branch_2/Conv2d_0c_1x3/BatchNorm/beta:(384,)
	InceptionV3/Mixed_7b/Branch_2/Conv2d_0c_1x3/BatchNorm/moving_mean:(384,)
	InceptionV3/Mixed_7b/Branch_2/Conv2d_0c_1x3/BatchNorm/moving_variance:(384,)
	InceptionV3/Mixed_7b/Branch_2/Conv2d_0d_3x1/weights:(3, 1, 384, 384)
	InceptionV3/Mixed_7b/Branch_2/Conv2d_0d_3x1/BatchNorm/beta:(384,)
	InceptionV3/Mixed_7b/Branch_2/Conv2d_0d_3x1/BatchNorm/moving_mean:(384,)
	InceptionV3/Mixed_7b/Branch_2/Conv2d_0d_3x1/BatchNorm/moving_variance:(384,)
	InceptionV3/Mixed_7b/Branch_3/Conv2d_0b_1x1/weights:(1, 1, 1280, 192)
	InceptionV3/Mixed_7b/Branch_3/Conv2d_0b_1x1/BatchNorm/beta:(192,)
	InceptionV3/Mixed_7b/Branch_3/Conv2d_0b_1x1/BatchNorm/moving_mean:(192,)
	InceptionV3/Mixed_7b/Branch_3/Conv2d_0b_1x1/BatchNorm/moving_variance:(192,)
	InceptionV3/Mixed_7c/Branch_0/Conv2d_0a_1x1/weights:(1, 1, 2048, 320)
	InceptionV3/Mixed_7c/Branch_0/Conv2d_0a_1x1/BatchNorm/beta:(320,)
	InceptionV3/Mixed_7c/Branch_0/Conv2d_0a_1x1/BatchNorm/moving_mean:(320,)
	InceptionV3/Mixed_7c/Branch_0/Conv2d_0a_1x1/BatchNorm/moving_variance:(320,)
	InceptionV3/Mixed_7c/Branch_1/Conv2d_0a_1x1/weights:(1, 1, 2048, 384)
	InceptionV3/Mixed_7c/Branch_1/Conv2d_0a_1x1/BatchNorm/beta:(384,)
	InceptionV3/Mixed_7c/Branch_1/Conv2d_0a_1x1/BatchNorm/moving_mean:(384,)
	InceptionV3/Mixed_7c/Branch_1/Conv2d_0a_1x1/BatchNorm/moving_variance:(384,)
	InceptionV3/Mixed_7c/Branch_1/Conv2d_0b_1x3/weights:(1, 3, 384, 384)
	InceptionV3/Mixed_7c/Branch_1/Conv2d_0b_1x3/BatchNorm/beta:(384,)
	InceptionV3/Mixed_7c/Branch_1/Conv2d_0b_1x3/BatchNorm/moving_mean:(384,)
	InceptionV3/Mixed_7c/Branch_1/Conv2d_0b_1x3/BatchNorm/moving_variance:(384,)
	InceptionV3/Mixed_7c/Branch_1/Conv2d_0c_3x1/weights:(3, 1, 384, 384)
	InceptionV3/Mixed_7c/Branch_1/Conv2d_0c_3x1/BatchNorm/beta:(384,)
	InceptionV3/Mixed_7c/Branch_1/Conv2d_0c_3x1/BatchNorm/moving_mean:(384,)
	InceptionV3/Mixed_7c/Branch_1/Conv2d_0c_3x1/BatchNorm/moving_variance:(384,)
	InceptionV3/Mixed_7c/Branch_2/Conv2d_0a_1x1/weights:(1, 1, 2048, 448)
	InceptionV3/Mixed_7c/Branch_2/Conv2d_0a_1x1/BatchNorm/beta:(448,)
	InceptionV3/Mixed_7c/Branch_2/Conv2d_0a_1x1/BatchNorm/moving_mean:(448,)
	InceptionV3/Mixed_7c/Branch_2/Conv2d_0a_1x1/BatchNorm/moving_variance:(448,)
	InceptionV3/Mixed_7c/Branch_2/Conv2d_0b_3x3/weights:(3, 3, 448, 384)
	InceptionV3/Mixed_7c/Branch_2/Conv2d_0b_3x3/BatchNorm/beta:(384,)
	InceptionV3/Mixed_7c/Branch_2/Conv2d_0b_3x3/BatchNorm/moving_mean:(384,)
	InceptionV3/Mixed_7c/Branch_2/Conv2d_0b_3x3/BatchNorm/moving_variance:(384,)
	InceptionV3/Mixed_7c/Branch_2/Conv2d_0c_1x3/weights:(1, 3, 384, 384)
	InceptionV3/Mixed_7c/Branch_2/Conv2d_0c_1x3/BatchNorm/beta:(384,)
	InceptionV3/Mixed_7c/Branch_2/Conv2d_0c_1x3/BatchNorm/moving_mean:(384,)
	InceptionV3/Mixed_7c/Branch_2/Conv2d_0c_1x3/BatchNorm/moving_variance:(384,)
	InceptionV3/Mixed_7c/Branch_2/Conv2d_0d_3x1/weights:(3, 1, 384, 384)
	InceptionV3/Mixed_7c/Branch_2/Conv2d_0d_3x1/BatchNorm/beta:(384,)
	InceptionV3/Mixed_7c/Branch_2/Conv2d_0d_3x1/BatchNorm/moving_mean:(384,)
	InceptionV3/Mixed_7c/Branch_2/Conv2d_0d_3x1/BatchNorm/moving_variance:(384,)
	InceptionV3/Mixed_7c/Branch_3/Conv2d_0b_1x1/weights:(1, 1, 2048, 192)
	InceptionV3/Mixed_7c/Branch_3/Conv2d_0b_1x1/BatchNorm/beta:(192,)
	InceptionV3/Mixed_7c/Branch_3/Conv2d_0b_1x1/BatchNorm/moving_mean:(192,)
	InceptionV3/Mixed_7c/Branch_3/Conv2d_0b_1x1/BatchNorm/moving_variance:(192,)
	InceptionV3/AuxLogits/Conv2d_1b_1x1/weights:(1, 1, 768, 128)
	InceptionV3/AuxLogits/Conv2d_1b_1x1/BatchNorm/beta:(128,)
	InceptionV3/AuxLogits/Conv2d_1b_1x1/BatchNorm/moving_mean:(128,)
	InceptionV3/AuxLogits/Conv2d_1b_1x1/BatchNorm/moving_variance:(128,)
	InceptionV3/AuxLogits/Conv2d_2a_3x3/weights:(3, 3, 128, 768)
	InceptionV3/AuxLogits/Conv2d_2a_3x3/BatchNorm/beta:(768,)
	InceptionV3/AuxLogits/Conv2d_2a_3x3/BatchNorm/moving_mean:(768,)
	InceptionV3/AuxLogits/Conv2d_2a_3x3/BatchNorm/moving_variance:(768,)
	InceptionV3/AuxLogits/Conv2d_2b_1x1/weights:(1, 1, 768, 1000)
	InceptionV3/AuxLogits/Conv2d_2b_1x1/biases:(1000,)
	InceptionV3/Logits/Conv2d_1c_1x1/weights:(1, 1, 2048, 1000)
	InceptionV3/Logits/Conv2d_1c_1x1/biases:(1000,)InceptionV3/Mixed_7c/Branch_2/Conv2d_0d_3x1/BatchNorm/moving_mean (DT_FLOAT) [384]
InceptionV3/Mixed_7c/Branch_2/Conv2d_0d_3x1/BatchNorm/beta (DT_FLOAT) [384]
InceptionV3/Mixed_7c/Branch_2/Conv2d_0c_1x3/BatchNorm/moving_variance (DT_FLOAT) [384]
InceptionV3/Mixed_7c/Branch_2/Conv2d_0c_1x3/BatchNorm/beta (DT_FLOAT) [384]
InceptionV3/Mixed_7c/Branch_2/Conv2d_0b_3x3/BatchNorm/moving_variance (DT_FLOAT) [384]
InceptionV3/Mixed_7c/Branch_2/Conv2d_0b_3x3/BatchNorm/moving_mean (DT_FLOAT) [384]
InceptionV3/Mixed_7c/Branch_2/Conv2d_0b_3x3/BatchNorm/beta (DT_FLOAT) [384]
InceptionV3/Mixed_7c/Branch_2/Conv2d_0a_1x1/weights (DT_FLOAT) [1,1,2048,448]
InceptionV3/Mixed_7c/Branch_2/Conv2d_0a_1x1/BatchNorm/moving_variance (DT_FLOAT) [448]
InceptionV3/Mixed_7c/Branch_2/Conv2d_0a_1x1/BatchNorm/moving_mean (DT_FLOAT) [448]
InceptionV3/Mixed_7c/Branch_2/Conv2d_0a_1x1/BatchNorm/beta (DT_FLOAT) [448]
InceptionV3/Mixed_7c/Branch_1/Conv2d_0c_3x1/weights (DT_FLOAT) [3,1,384,384]
InceptionV3/Mixed_7c/Branch_1/Conv2d_0b_1x3/weights (DT_FLOAT) [1,3,384,384]
InceptionV3/Mixed_7c/Branch_1/Conv2d_0a_1x1/BatchNorm/moving_variance (DT_FLOAT) [384]
InceptionV3/Mixed_7c/Branch_1/Conv2d_0a_1x1/BatchNorm/beta (DT_FLOAT) [384]
InceptionV3/Mixed_7b/Branch_3/Conv2d_0b_1x1/weights (DT_FLOAT) [1,1,1280,192]
InceptionV3/Mixed_7b/Branch_3/Conv2d_0b_1x1/BatchNorm/moving_mean (DT_FLOAT) [192]
InceptionV3/Mixed_7b/Branch_2/Conv2d_0d_3x1/BatchNorm/moving_variance (DT_FLOAT) [384]
InceptionV3/Mixed_7b/Branch_2/Conv2d_0d_3x1/BatchNorm/moving_mean (DT_FLOAT) [384]
InceptionV3/Mixed_7b/Branch_2/Conv2d_0d_3x1/BatchNorm/beta (DT_FLOAT) [384]
InceptionV3/Mixed_7b/Branch_2/Conv2d_0c_1x3/weights (DT_FLOAT) [1,3,384,384]
InceptionV3/Mixed_7b/Branch_2/Conv2d_0c_1x3/BatchNorm/beta (DT_FLOAT) [384]
InceptionV3/Mixed_7b/Branch_2/Conv2d_0b_3x3/weights (DT_FLOAT) [3,3,448,384]
InceptionV3/Mixed_7b/Branch_2/Conv2d_0a_1x1/BatchNorm/moving_variance (DT_FLOAT) [448]
InceptionV3/Mixed_7b/Branch_2/Conv2d_0a_1x1/BatchNorm/moving_mean (DT_FLOAT) [448]
InceptionV3/Mixed_7b/Branch_2/Conv2d_0a_1x1/BatchNorm/beta (DT_FLOAT) [448]
InceptionV3/Mixed_7b/Branch_1/Conv2d_0b_3x1/BatchNorm/moving_variance (DT_FLOAT) [384]
InceptionV3/Mixed_7b/Branch_1/Conv2d_0b_3x1/BatchNorm/moving_mean (DT_FLOAT) [384]
InceptionV3/Mixed_7b/Branch_1/Conv2d_0b_1x3/weights (DT_FLOAT) [1,3,384,384]
InceptionV3/Mixed_7c/Branch_0/Conv2d_0a_1x1/BatchNorm/moving_variance (DT_FLOAT) [320]
InceptionV3/Mixed_7b/Branch_1/Conv2d_0b_1x3/BatchNorm/moving_variance (DT_FLOAT) [384]
InceptionV3/Mixed_7b/Branch_1/Conv2d_0b_1x3/BatchNorm/beta (DT_FLOAT) [384]
InceptionV3/Mixed_7b/Branch_1/Conv2d_0a_1x1/weights (DT_FLOAT) [1,1,1280,384]
InceptionV3/Mixed_7b/Branch_0/Conv2d_0a_1x1/BatchNorm/moving_variance (DT_FLOAT) [320]
InceptionV3/Mixed_7c/Branch_3/Conv2d_0b_1x1/BatchNorm/beta (DT_FLOAT) [192]
InceptionV3/Mixed_7b/Branch_0/Conv2d_0a_1x1/BatchNorm/moving_mean (DT_FLOAT) [320]
InceptionV3/Mixed_7a/Branch_1/Conv2d_1a_3x3/weights (DT_FLOAT) [3,3,192,192]
InceptionV3/Mixed_7a/Branch_1/Conv2d_1a_3x3/BatchNorm/moving_mean (DT_FLOAT) [192]
InceptionV3/Mixed_7a/Branch_1/Conv2d_0c_7x1/weights (DT_FLOAT) [7,1,192,192]
InceptionV3/Mixed_7a/Branch_1/Conv2d_0c_7x1/BatchNorm/moving_mean (DT_FLOAT) [192]
InceptionV3/Mixed_7a/Branch_1/Conv2d_0c_7x1/BatchNorm/beta (DT_FLOAT) [192]
InceptionV3/Mixed_7a/Branch_1/Conv2d_0b_1x7/BatchNorm/moving_variance (DT_FLOAT) [192]
InceptionV3/Mixed_7b/Branch_0/Conv2d_0a_1x1/weights (DT_FLOAT) [1,1,1280,320]
InceptionV3/Mixed_7a/Branch_1/Conv2d_0a_1x1/BatchNorm/moving_variance (DT_FLOAT) [192]
InceptionV3/Mixed_7a/Branch_1/Conv2d_0a_1x1/BatchNorm/beta (DT_FLOAT) [192]
InceptionV3/Mixed_7a/Branch_0/Conv2d_1a_3x3/weights (DT_FLOAT) [3,3,192,320]
InceptionV3/Mixed_7a/Branch_0/Conv2d_1a_3x3/BatchNorm/moving_mean (DT_FLOAT) [320]
InceptionV3/Mixed_7a/Branch_0/Conv2d_0a_1x1/weights (DT_FLOAT) [1,1,768,192]
InceptionV3/Mixed_7a/Branch_0/Conv2d_0a_1x1/BatchNorm/moving_mean (DT_FLOAT) [192]
InceptionV3/Mixed_7a/Branch_0/Conv2d_0a_1x1/BatchNorm/beta (DT_FLOAT) [192]
InceptionV3/Mixed_7a/Branch_1/Conv2d_1a_3x3/BatchNorm/moving_variance (DT_FLOAT) [192]
InceptionV3/Mixed_6e/Branch_3/Conv2d_0b_1x1/weights (DT_FLOAT) [1,1,768,192]
InceptionV3/Mixed_7c/Branch_3/Conv2d_0b_1x1/BatchNorm/moving_variance (DT_FLOAT) [192]
InceptionV3/Mixed_6e/Branch_3/Conv2d_0b_1x1/BatchNorm/beta (DT_FLOAT) [192]
InceptionV3/Mixed_6e/Branch_2/Conv2d_0e_1x7/weights (DT_FLOAT) [1,7,192,192]
InceptionV3/Mixed_6e/Branch_2/Conv2d_0e_1x7/BatchNorm/moving_variance (DT_FLOAT) [192]
InceptionV3/Mixed_6e/Branch_2/Conv2d_0e_1x7/BatchNorm/moving_mean (DT_FLOAT) [192]
InceptionV3/Mixed_6e/Branch_2/Conv2d_0c_1x7/weights (DT_FLOAT) [1,7,192,192]
InceptionV3/Mixed_6e/Branch_2/Conv2d_0c_1x7/BatchNorm/moving_mean (DT_FLOAT) [192]
InceptionV3/Mixed_6e/Branch_2/Conv2d_0c_1x7/BatchNorm/beta (DT_FLOAT) [192]
InceptionV3/Mixed_6e/Branch_2/Conv2d_0b_7x1/weights (DT_FLOAT) [7,1,192,192]
InceptionV3/Mixed_6e/Branch_2/Conv2d_0a_1x1/BatchNorm/beta (DT_FLOAT) [192]
InceptionV3/Mixed_6e/Branch_1/Conv2d_0c_7x1/weights (DT_FLOAT) [7,1,192,192]
InceptionV3/Mixed_6e/Branch_1/Conv2d_0c_7x1/BatchNorm/moving_variance (DT_FLOAT) [192]
InceptionV3/Mixed_6e/Branch_2/Conv2d_0a_1x1/weights (DT_FLOAT) [1,1,768,192]
InceptionV3/Mixed_6e/Branch_1/Conv2d_0c_7x1/BatchNorm/moving_mean (DT_FLOAT) [192]
InceptionV3/Mixed_6e/Branch_1/Conv2d_0c_7x1/BatchNorm/beta (DT_FLOAT) [192]
InceptionV3/Mixed_6e/Branch_1/Conv2d_0b_1x7/BatchNorm/moving_variance (DT_FLOAT) [192]
InceptionV3/Mixed_6e/Branch_1/Conv2d_0b_1x7/BatchNorm/moving_mean (DT_FLOAT) [192]
InceptionV3/Mixed_6e/Branch_1/Conv2d_0a_1x1/BatchNorm/moving_mean (DT_FLOAT) [192]
InceptionV3/Mixed_6e/Branch_1/Conv2d_0a_1x1/BatchNorm/beta (DT_FLOAT) [192]
InceptionV3/Mixed_7b/Branch_3/Conv2d_0b_1x1/BatchNorm/beta (DT_FLOAT) [192]
InceptionV3/Mixed_6e/Branch_0/Conv2d_0a_1x1/weights (DT_FLOAT) [1,1,768,192]
InceptionV3/Mixed_7c/Branch_1/Conv2d_0a_1x1/weights (DT_FLOAT) [1,1,2048,384]
InceptionV3/Mixed_6e/Branch_0/Conv2d_0a_1x1/BatchNorm/moving_variance (DT_FLOAT) [192]
InceptionV3/Mixed_6e/Branch_0/Conv2d_0a_1x1/BatchNorm/moving_mean (DT_FLOAT) [192]
InceptionV3/Mixed_6e/Branch_0/Conv2d_0a_1x1/BatchNorm/beta (DT_FLOAT) [192]
InceptionV3/Mixed_6e/Branch_2/Conv2d_0a_1x1/BatchNorm/moving_variance (DT_FLOAT) [192]
InceptionV3/Mixed_6d/Branch_3/Conv2d_0b_1x1/BatchNorm/beta (DT_FLOAT) [192]
InceptionV3/Mixed_6d/Branch_2/Conv2d_0e_1x7/BatchNorm/moving_variance (DT_FLOAT) [192]
InceptionV3/Mixed_6d/Branch_2/Conv2d_0e_1x7/BatchNorm/moving_mean (DT_FLOAT) [192]
InceptionV3/Mixed_6d/Branch_2/Conv2d_0d_7x1/BatchNorm/moving_mean (DT_FLOAT) [160]
InceptionV3/Mixed_6d/Branch_2/Conv2d_0d_7x1/BatchNorm/beta (DT_FLOAT) [160]
InceptionV3/Mixed_6d/Branch_2/Conv2d_0c_1x7/weights (DT_FLOAT) [1,7,160,160]
InceptionV3/Mixed_6d/Branch_2/Conv2d_0c_1x7/BatchNorm/moving_mean (DT_FLOAT) [160]
InceptionV3/Mixed_6d/Branch_2/Conv2d_0c_1x7/BatchNorm/beta (DT_FLOAT) [160]
InceptionV3/Mixed_6e/Branch_2/Conv2d_0a_1x1/BatchNorm/moving_mean (DT_FLOAT) [192]
InceptionV3/Mixed_6d/Branch_2/Conv2d_0b_7x1/BatchNorm/moving_variance (DT_FLOAT) [160]
InceptionV3/Mixed_7c/Branch_1/Conv2d_0c_3x1/BatchNorm/beta (DT_FLOAT) [384]
InceptionV3/Mixed_6d/Branch_2/Conv2d_0b_7x1/BatchNorm/beta (DT_FLOAT) [160]
InceptionV3/Mixed_6d/Branch_3/Conv2d_0b_1x1/BatchNorm/moving_mean (DT_FLOAT) [192]
InceptionV3/Mixed_6d/Branch_2/Conv2d_0a_1x1/BatchNorm/moving_mean (DT_FLOAT) [160]
InceptionV3/Mixed_6d/Branch_1/Conv2d_0c_7x1/weights (DT_FLOAT) [7,1,160,192]
InceptionV3/Mixed_6d/Branch_1/Conv2d_0c_7x1/BatchNorm/moving_mean (DT_FLOAT) [192]
InceptionV3/Mixed_6d/Branch_1/Conv2d_0c_7x1/BatchNorm/beta (DT_FLOAT) [192]
InceptionV3/Mixed_6d/Branch_1/Conv2d_0b_1x7/BatchNorm/moving_mean (DT_FLOAT) [160]
InceptionV3/Mixed_7c/Branch_3/Conv2d_0b_1x1/weights (DT_FLOAT) [1,1,2048,192]
InceptionV3/Mixed_6d/Branch_1/Conv2d_0a_1x1/weights (DT_FLOAT) [1,1,768,160]
InceptionV3/Mixed_6d/Branch_2/Conv2d_0a_1x1/weights (DT_FLOAT) [1,1,768,160]
InceptionV3/Mixed_6d/Branch_1/Conv2d_0a_1x1/BatchNorm/moving_variance (DT_FLOAT) [160]
InceptionV3/Mixed_6d/Branch_1/Conv2d_0a_1x1/BatchNorm/moving_mean (DT_FLOAT) [160]
InceptionV3/Mixed_6d/Branch_0/Conv2d_0a_1x1/weights (DT_FLOAT) [1,1,768,192]
InceptionV3/Mixed_6d/Branch_2/Conv2d_0b_7x1/BatchNorm/moving_mean (DT_FLOAT) [160]
InceptionV3/Mixed_6d/Branch_0/Conv2d_0a_1x1/BatchNorm/moving_variance (DT_FLOAT) [192]
InceptionV3/Mixed_7b/Branch_2/Conv2d_0b_3x3/BatchNorm/moving_variance (DT_FLOAT) [384]
InceptionV3/Mixed_6d/Branch_1/Conv2d_0b_1x7/weights (DT_FLOAT) [1,7,160,160]
InceptionV3/Mixed_6d/Branch_0/Conv2d_0a_1x1/BatchNorm/beta (DT_FLOAT) [192]
InceptionV3/Mixed_6c/Branch_3/Conv2d_0b_1x1/weights (DT_FLOAT) [1,1,768,192]
InceptionV3/Mixed_6c/Branch_3/Conv2d_0b_1x1/BatchNorm/moving_mean (DT_FLOAT) [192]
InceptionV3/Mixed_6c/Branch_2/Conv2d_0e_1x7/weights (DT_FLOAT) [1,7,160,192]
InceptionV3/Mixed_6d/Branch_1/Conv2d_0c_7x1/BatchNorm/moving_variance (DT_FLOAT) [192]
InceptionV3/Mixed_6c/Branch_2/Conv2d_0e_1x7/BatchNorm/moving_mean (DT_FLOAT) [192]
InceptionV3/Mixed_7b/Branch_2/Conv2d_0c_1x3/BatchNorm/moving_variance (DT_FLOAT) [384]
InceptionV3/Mixed_6d/Branch_2/Conv2d_0c_1x7/BatchNorm/moving_variance (DT_FLOAT) [160]
InceptionV3/Mixed_6c/Branch_2/Conv2d_0d_7x1/weights (DT_FLOAT) [7,1,160,160]
InceptionV3/Mixed_7c/Branch_1/Conv2d_0c_3x1/BatchNorm/moving_mean (DT_FLOAT) [384]
InceptionV3/Mixed_6e/Branch_1/Conv2d_0b_1x7/BatchNorm/beta (DT_FLOAT) [192]
InceptionV3/Mixed_6c/Branch_2/Conv2d_0d_7x1/BatchNorm/moving_variance (DT_FLOAT) [160]
InceptionV3/Mixed_6c/Branch_2/Conv2d_0d_7x1/BatchNorm/beta (DT_FLOAT) [160]
InceptionV3/Mixed_6c/Branch_2/Conv2d_0c_1x7/BatchNorm/moving_variance (DT_FLOAT) [160]
InceptionV3/Mixed_5d/Branch_1/Conv2d_0a_1x1/BatchNorm/moving_variance (DT_FLOAT) [48]
InceptionV3/Mixed_6e/Branch_2/Conv2d_0d_7x1/weights (DT_FLOAT) [7,1,192,192]
InceptionV3/Mixed_6b/Branch_1/Conv2d_0a_1x1/BatchNorm/moving_mean (DT_FLOAT) [128]
InceptionV3/Mixed_5d/Branch_0/Conv2d_0a_1x1/BatchNorm/moving_mean (DT_FLOAT) [64]
InceptionV3/Mixed_5b/Branch_2/Conv2d_0c_3x3/BatchNorm/moving_mean (DT_FLOAT) [96]
InceptionV3/Mixed_6a/Branch_0/Conv2d_1a_1x1/BatchNorm/moving_mean (DT_FLOAT) [384]
InceptionV3/Mixed_5d/Branch_0/Conv2d_0a_1x1/BatchNorm/beta (DT_FLOAT) [64]
InceptionV3/Mixed_6d/Branch_2/Conv2d_0b_7x1/weights (DT_FLOAT) [7,1,160,160]
InceptionV3/Mixed_5d/Branch_0/Conv2d_0a_1x1/BatchNorm/moving_variance (DT_FLOAT) [64]
InceptionV3/Mixed_7b/Branch_1/Conv2d_0a_1x1/BatchNorm/moving_variance (DT_FLOAT) [384]
InceptionV3/Mixed_6b/Branch_2/Conv2d_0d_7x1/BatchNorm/beta (DT_FLOAT) [128]
InceptionV3/Mixed_6d/Branch_3/Conv2d_0b_1x1/weights (DT_FLOAT) [1,1,768,192]
InceptionV3/Mixed_5c/Branch_2/Conv2d_0c_3x3/BatchNorm/moving_mean (DT_FLOAT) [96]
InceptionV3/Mixed_6d/Branch_2/Conv2d_0e_1x7/weights (DT_FLOAT) [1,7,160,192]
InceptionV3/Mixed_5c/Branch_2/Conv2d_0b_3x3/BatchNorm/moving_mean (DT_FLOAT) [96]
InceptionV3/Mixed_6e/Branch_1/Conv2d_0a_1x1/weights (DT_FLOAT) [1,1,768,192]
InceptionV3/Mixed_5c/Branch_2/Conv2d_0a_1x1/BatchNorm/moving_mean (DT_FLOAT) [64]
InceptionV3/Mixed_7c/Branch_2/Conv2d_0c_1x3/BatchNorm/moving_mean (DT_FLOAT) [384]
InceptionV3/Conv2d_2b_3x3/weights (DT_FLOAT) [3,3,32,64]
InceptionV3/Mixed_5c/Branch_1/Conv_1_0c_5x5/BatchNorm/moving_variance (DT_FLOAT) [64]
InceptionV3/Mixed_5c/Branch_1/Conv_1_0c_5x5/BatchNorm/beta (DT_FLOAT) [64]
InceptionV3/Mixed_5d/Branch_3/Conv2d_0b_1x1/BatchNorm/beta (DT_FLOAT) [64]
InceptionV3/Mixed_5c/Branch_1/Conv2d_0b_1x1/weights (DT_FLOAT) [1,1,256,48]
InceptionV3/Mixed_6c/Branch_2/Conv2d_0e_1x7/BatchNorm/beta (DT_FLOAT) [192]
InceptionV3/Mixed_5c/Branch_1/Conv2d_0b_1x1/BatchNorm/moving_mean (DT_FLOAT) [48]
InceptionV3/Mixed_7a/Branch_0/Conv2d_0a_1x1/BatchNorm/moving_variance (DT_FLOAT) [192]
InceptionV3/Mixed_5c/Branch_0/Conv2d_0a_1x1/BatchNorm/moving_mean (DT_FLOAT) [64]
InceptionV3/Mixed_7c/Branch_0/Conv2d_0a_1x1/BatchNorm/moving_mean (DT_FLOAT) [320]
InceptionV3/Mixed_5d/Branch_1/Conv2d_0b_5x5/weights (DT_FLOAT) [5,5,48,64]
InceptionV3/Mixed_5c/Branch_2/Conv2d_0b_3x3/weights (DT_FLOAT) [3,3,64,96]
InceptionV3/Mixed_5d/Branch_2/Conv2d_0c_3x3/BatchNorm/beta (DT_FLOAT) [96]
InceptionV3/Mixed_5c/Branch_0/Conv2d_0a_1x1/BatchNorm/beta (DT_FLOAT) [64]
InceptionV3/Mixed_7b/Branch_2/Conv2d_0c_1x3/BatchNorm/moving_mean (DT_FLOAT) [384]
InceptionV3/Mixed_5b/Branch_3/Conv2d_0b_1x1/weights (DT_FLOAT) [1,1,192,32]
InceptionV3/Mixed_6e/Branch_2/Conv2d_0d_7x1/BatchNorm/beta (DT_FLOAT) [192]
InceptionV3/Mixed_5b/Branch_3/Conv2d_0b_1x1/BatchNorm/beta (DT_FLOAT) [32]
InceptionV3/Mixed_7c/Branch_2/Conv2d_0c_1x3/weights (DT_FLOAT) [1,3,384,384]
InceptionV3/Mixed_5b/Branch_2/Conv2d_0c_3x3/weights (DT_FLOAT) [3,3,96,96]
InceptionV3/Mixed_5b/Branch_2/Conv2d_0a_1x1/weights (DT_FLOAT) [1,1,192,64]
InceptionV3/Mixed_7c/Branch_2/Conv2d_0b_3x3/weights (DT_FLOAT) [3,3,448,384]
InceptionV3/Mixed_7a/Branch_1/Conv2d_0c_7x1/BatchNorm/moving_variance (DT_FLOAT) [192]
InceptionV3/Mixed_7a/Branch_0/Conv2d_1a_3x3/BatchNorm/beta (DT_FLOAT) [320]
InceptionV3/Mixed_5c/Branch_2/Conv2d_0b_3x3/BatchNorm/moving_variance (DT_FLOAT) [96]
InceptionV3/Mixed_6e/Branch_2/Conv2d_0b_7x1/BatchNorm/moving_mean (DT_FLOAT) [192]
InceptionV3/Logits/Conv2d_1c_1x1/weights (DT_FLOAT) [1,1,2048,1001]
InceptionV3/Mixed_6b/Branch_2/Conv2d_0c_1x7/BatchNorm/moving_mean (DT_FLOAT) [128]
InceptionV3/Mixed_6d/Branch_2/Conv2d_0a_1x1/BatchNorm/moving_variance (DT_FLOAT) [160]
InceptionV3/Mixed_5c/Branch_2/Conv2d_0a_1x1/weights (DT_FLOAT) [1,1,256,64]
InceptionV3/Mixed_5b/Branch_2/Conv2d_0b_3x3/BatchNorm/moving_variance (DT_FLOAT) [96]
InceptionV3/Mixed_5b/Branch_2/Conv2d_0a_1x1/BatchNorm/moving_variance (DT_FLOAT) [64]
InceptionV3/Mixed_6c/Branch_3/Conv2d_0b_1x1/BatchNorm/moving_variance (DT_FLOAT) [192]
InceptionV3/Conv2d_2b_3x3/BatchNorm/moving_mean (DT_FLOAT) [64]
InceptionV3/Mixed_5c/Branch_2/Conv2d_0a_1x1/BatchNorm/beta (DT_FLOAT) [64]
InceptionV3/Conv2d_2b_3x3/BatchNorm/beta (DT_FLOAT) [64]
InceptionV3/Conv2d_1a_3x3/BatchNorm/beta (DT_FLOAT) [32]
InceptionV3/Mixed_5c/Branch_1/Conv_1_0c_5x5/BatchNorm/moving_mean (DT_FLOAT) [64]
InceptionV3/Mixed_6c/Branch_0/Conv2d_0a_1x1/BatchNorm/moving_variance (DT_FLOAT) [192]
InceptionV3/Mixed_6e/Branch_1/Conv2d_0a_1x1/BatchNorm/moving_variance (DT_FLOAT) [192]
InceptionV3/Conv2d_4a_3x3/BatchNorm/beta (DT_FLOAT) [192]
InceptionV3/Mixed_5d/Branch_3/Conv2d_0b_1x1/BatchNorm/moving_mean (DT_FLOAT) [64]
InceptionV3/Mixed_5c/Branch_2/Conv2d_0c_3x3/weights (DT_FLOAT) [3,3,96,96]
InceptionV3/Mixed_5c/Branch_3/Conv2d_0b_1x1/BatchNorm/moving_variance (DT_FLOAT) [64]
InceptionV3/Mixed_6c/Branch_2/Conv2d_0b_7x1/BatchNorm/beta (DT_FLOAT) [160]
InceptionV3/Mixed_6e/Branch_2/Conv2d_0e_1x7/BatchNorm/beta (DT_FLOAT) [192]
InceptionV3/Mixed_5b/Branch_1/Conv2d_0b_5x5/BatchNorm/moving_variance (DT_FLOAT) [64]
InceptionV3/Mixed_6b/Branch_1/Conv2d_0c_7x1/weights (DT_FLOAT) [7,1,128,192]
InceptionV3/Conv2d_1a_3x3/weights (DT_FLOAT) [3,3,3,32]
InceptionV3/Mixed_7b/Branch_2/Conv2d_0d_3x1/weights (DT_FLOAT) [3,1,384,384]
InceptionV3/Mixed_7b/Branch_1/Conv2d_0a_1x1/BatchNorm/beta (DT_FLOAT) [384]
InceptionV3/Mixed_6a/Branch_1/Conv2d_0a_1x1/BatchNorm/beta (DT_FLOAT) [64]
InceptionV3/Conv2d_2a_3x3/BatchNorm/moving_variance (DT_FLOAT) [32]
InceptionV3/Mixed_6c/Branch_2/Conv2d_0a_1x1/BatchNorm/moving_variance (DT_FLOAT) [160]
InceptionV3/Mixed_5b/Branch_0/Conv2d_0a_1x1/BatchNorm/beta (DT_FLOAT) [64]
InceptionV3/Mixed_5b/Branch_0/Conv2d_0a_1x1/BatchNorm/moving_mean (DT_FLOAT) [64]
InceptionV3/Mixed_6d/Branch_2/Conv2d_0d_7x1/weights (DT_FLOAT) [7,1,160,160]
InceptionV3/Mixed_6c/Branch_2/Conv2d_0c_1x7/weights (DT_FLOAT) [1,7,160,160]
InceptionV3/Conv2d_4a_3x3/weights (DT_FLOAT) [3,3,80,192]
InceptionV3/Conv2d_1a_3x3/BatchNorm/moving_variance (DT_FLOAT) [32]
InceptionV3/Mixed_5c/Branch_3/Conv2d_0b_1x1/weights (DT_FLOAT) [1,1,256,64]
InceptionV3/AuxLogits/Conv2d_1b_1x1/BatchNorm/moving_variance (DT_FLOAT) [128]
InceptionV3/Mixed_7a/Branch_1/Conv2d_0b_1x7/weights (DT_FLOAT) [1,7,192,192]
InceptionV3/Mixed_6e/Branch_2/Conv2d_0b_7x1/BatchNorm/moving_variance (DT_FLOAT) [192]
InceptionV3/Mixed_5b/Branch_1/Conv2d_0a_1x1/BatchNorm/moving_variance (DT_FLOAT) [48]
InceptionV3/Mixed_6d/Branch_1/Conv2d_0b_1x7/BatchNorm/beta (DT_FLOAT) [160]
InceptionV3/Mixed_5c/Branch_2/Conv2d_0c_3x3/BatchNorm/beta (DT_FLOAT) [96]
InceptionV3/AuxLogits/Conv2d_2b_1x1/biases (DT_FLOAT) [1001]
InceptionV3/Mixed_6b/Branch_1/Conv2d_0c_7x1/BatchNorm/beta (DT_FLOAT) [192]
InceptionV3/Mixed_5d/Branch_2/Conv2d_0b_3x3/BatchNorm/moving_variance (DT_FLOAT) [96]
global_step (DT_INT64) []
InceptionV3/Mixed_5c/Branch_0/Conv2d_0a_1x1/BatchNorm/moving_variance (DT_FLOAT) [64]
InceptionV3/Conv2d_4a_3x3/BatchNorm/moving_mean (DT_FLOAT) [192]
InceptionV3/Conv2d_3b_1x1/BatchNorm/moving_variance (DT_FLOAT) [80]
InceptionV3/Mixed_6c/Branch_1/Conv2d_0b_1x7/weights (DT_FLOAT) [1,7,160,160]
InceptionV3/Conv2d_2a_3x3/BatchNorm/moving_mean (DT_FLOAT) [32]
InceptionV3/AuxLogits/Conv2d_2a_5x5/BatchNorm/beta (DT_FLOAT) [768]
InceptionV3/Mixed_5b/Branch_1/Conv2d_0b_5x5/weights (DT_FLOAT) [5,5,48,64]
InceptionV3/Mixed_5b/Branch_1/Conv2d_0b_5x5/BatchNorm/beta (DT_FLOAT) [64]
InceptionV3/AuxLogits/Conv2d_2a_5x5/weights (DT_FLOAT) [5,5,128,768]
InceptionV3/Mixed_6e/Branch_3/Conv2d_0b_1x1/BatchNorm/moving_variance (DT_FLOAT) [192]
InceptionV3/Mixed_5b/Branch_1/Conv2d_0a_1x1/BatchNorm/beta (DT_FLOAT) [48]
InceptionV3/Mixed_6a/Branch_1/Conv2d_1a_1x1/BatchNorm/moving_mean (DT_FLOAT) [96]
InceptionV3/Mixed_6e/Branch_1/Conv2d_0b_1x7/weights (DT_FLOAT) [1,7,192,192]
InceptionV3/Mixed_6d/Branch_1/Conv2d_0b_1x7/BatchNorm/moving_variance (DT_FLOAT) [160]
InceptionV3/Conv2d_1a_3x3/BatchNorm/moving_mean (DT_FLOAT) [32]
InceptionV3/Mixed_6c/Branch_1/Conv2d_0b_1x7/BatchNorm/moving_mean (DT_FLOAT) [160]
InceptionV3/Mixed_7a/Branch_1/Conv2d_0b_1x7/BatchNorm/beta (DT_FLOAT) [192]
InceptionV3/Mixed_6b/Branch_0/Conv2d_0a_1x1/BatchNorm/beta (DT_FLOAT) [192]
InceptionV3/Mixed_6d/Branch_0/Conv2d_0a_1x1/BatchNorm/moving_mean (DT_FLOAT) [192]
InceptionV3/Mixed_5d/Branch_1/Conv2d_0a_1x1/BatchNorm/moving_mean (DT_FLOAT) [48]
InceptionV3/Mixed_5b/Branch_0/Conv2d_0a_1x1/BatchNorm/moving_variance (DT_FLOAT) [64]
InceptionV3/Mixed_6b/Branch_2/Conv2d_0e_1x7/weights (DT_FLOAT) [1,7,128,192]
InceptionV3/Mixed_5b/Branch_3/Conv2d_0b_1x1/BatchNorm/moving_mean (DT_FLOAT) [32]
InceptionV3/Mixed_7b/Branch_3/Conv2d_0b_1x1/BatchNorm/moving_variance (DT_FLOAT) [192]
InceptionV3/Mixed_7b/Branch_0/Conv2d_0a_1x1/BatchNorm/beta (DT_FLOAT) [320]
InceptionV3/AuxLogits/Conv2d_1b_1x1/BatchNorm/beta (DT_FLOAT) [128]
InceptionV3/Mixed_6b/Branch_2/Conv2d_0c_1x7/BatchNorm/moving_variance (DT_FLOAT) [128]
InceptionV3/Mixed_7c/Branch_1/Conv2d_0c_3x1/BatchNorm/moving_variance (DT_FLOAT) [384]
InceptionV3/Mixed_7a/Branch_0/Conv2d_1a_3x3/BatchNorm/moving_variance (DT_FLOAT) [320]
InceptionV3/AuxLogits/Conv2d_1b_1x1/weights (DT_FLOAT) [1,1,768,128]
InceptionV3/Mixed_7c/Branch_0/Conv2d_0a_1x1/BatchNorm/beta (DT_FLOAT) [320]
InceptionV3/Mixed_7b/Branch_2/Conv2d_0b_3x3/BatchNorm/moving_mean (DT_FLOAT) [384]
InceptionV3/Conv2d_3b_1x1/weights (DT_FLOAT) [1,1,64,80]
InceptionV3/Mixed_7c/Branch_1/Conv2d_0a_1x1/BatchNorm/moving_mean (DT_FLOAT) [384]
InceptionV3/Conv2d_2b_3x3/BatchNorm/moving_variance (DT_FLOAT) [64]
InceptionV3/Mixed_6b/Branch_2/Conv2d_0b_7x1/BatchNorm/beta (DT_FLOAT) [128]
InceptionV3/Mixed_6c/Branch_2/Conv2d_0c_1x7/BatchNorm/beta (DT_FLOAT) [160]
InceptionV3/Mixed_5c/Branch_1/Conv2d_0b_1x1/BatchNorm/beta (DT_FLOAT) [48]
InceptionV3/Mixed_7a/Branch_1/Conv2d_0a_1x1/BatchNorm/moving_mean (DT_FLOAT) [192]
InceptionV3/Mixed_6b/Branch_2/Conv2d_0d_7x1/BatchNorm/moving_mean (DT_FLOAT) [128]
InceptionV3/Mixed_7b/Branch_1/Conv2d_0b_1x3/BatchNorm/moving_mean (DT_FLOAT) [384]
InceptionV3/Mixed_6c/Branch_1/Conv2d_0a_1x1/BatchNorm/moving_variance (DT_FLOAT) [160]
InceptionV3/Mixed_6c/Branch_1/Conv2d_0c_7x1/BatchNorm/moving_mean (DT_FLOAT) [192]
InceptionV3/Mixed_6b/Branch_1/Conv2d_0a_1x1/BatchNorm/moving_variance (DT_FLOAT) [128]
InceptionV3/Mixed_5d/Branch_1/Conv2d_0a_1x1/weights (DT_FLOAT) [1,1,288,48]
InceptionV3/Mixed_5b/Branch_3/Conv2d_0b_1x1/BatchNorm/moving_variance (DT_FLOAT) [32]
InceptionV3/Mixed_5b/Branch_2/Conv2d_0a_1x1/BatchNorm/moving_mean (DT_FLOAT) [64]
InceptionV3/AuxLogits/Conv2d_2a_5x5/BatchNorm/moving_mean (DT_FLOAT) [768]
InceptionV3/Mixed_6b/Branch_1/Conv2d_0c_7x1/BatchNorm/moving_variance (DT_FLOAT) [192]
InceptionV3/Mixed_6a/Branch_1/Conv2d_0a_1x1/BatchNorm/moving_mean (DT_FLOAT) [64]
InceptionV3/Mixed_5b/Branch_2/Conv2d_0c_3x3/BatchNorm/moving_variance (DT_FLOAT) [96]
InceptionV3/Mixed_6d/Branch_1/Conv2d_0a_1x1/BatchNorm/beta (DT_FLOAT) [160]
InceptionV3/Mixed_6b/Branch_0/Conv2d_0a_1x1/BatchNorm/moving_mean (DT_FLOAT) [192]
InceptionV3/Mixed_6c/Branch_2/Conv2d_0a_1x1/weights (DT_FLOAT) [1,1,768,160]
InceptionV3/Mixed_5c/Branch_2/Conv2d_0a_1x1/BatchNorm/moving_variance (DT_FLOAT) [64]
InceptionV3/Conv2d_2a_3x3/weights (DT_FLOAT) [3,3,32,32]
InceptionV3/Mixed_5d/Branch_2/Conv2d_0a_1x1/weights (DT_FLOAT) [1,1,288,64]
InceptionV3/AuxLogits/Conv2d_2a_5x5/BatchNorm/moving_variance (DT_FLOAT) [768]
InceptionV3/Mixed_7b/Branch_1/Conv2d_0b_3x1/weights (DT_FLOAT) [3,1,384,384]
InceptionV3/AuxLogits/Conv2d_2b_1x1/weights (DT_FLOAT) [1,1,768,1001]
InceptionV3/Conv2d_3b_1x1/BatchNorm/beta (DT_FLOAT) [80]
InceptionV3/Conv2d_4a_3x3/BatchNorm/moving_variance (DT_FLOAT) [192]
InceptionV3/Mixed_6b/Branch_2/Conv2d_0a_1x1/weights (DT_FLOAT) [1,1,768,128]
InceptionV3/Logits/Conv2d_1c_1x1/biases (DT_FLOAT) [1001]
InceptionV3/Mixed_5c/Branch_3/Conv2d_0b_1x1/BatchNorm/beta (DT_FLOAT) [64]
InceptionV3/Mixed_6b/Branch_2/Conv2d_0e_1x7/BatchNorm/beta (DT_FLOAT) [192]
InceptionV3/Mixed_6e/Branch_2/Conv2d_0b_7x1/BatchNorm/beta (DT_FLOAT) [192]
InceptionV3/Conv2d_3b_1x1/BatchNorm/moving_mean (DT_FLOAT) [80]
InceptionV3/Mixed_5d/Branch_2/Conv2d_0c_3x3/weights (DT_FLOAT) [3,3,96,96]
InceptionV3/Mixed_5b/Branch_0/Conv2d_0a_1x1/weights (DT_FLOAT) [1,1,192,64]
InceptionV3/Mixed_7b/Branch_2/Conv2d_0a_1x1/weights (DT_FLOAT) [1,1,1280,448]
InceptionV3/Mixed_5b/Branch_1/Conv2d_0a_1x1/BatchNorm/moving_mean (DT_FLOAT) [48]
InceptionV3/Mixed_6b/Branch_2/Conv2d_0c_1x7/BatchNorm/beta (DT_FLOAT) [128]
InceptionV3/Mixed_5b/Branch_1/Conv2d_0a_1x1/weights (DT_FLOAT) [1,1,192,48]
InceptionV3/Mixed_6c/Branch_2/Conv2d_0b_7x1/weights (DT_FLOAT) [7,1,160,160]
InceptionV3/Mixed_5b/Branch_1/Conv2d_0b_5x5/BatchNorm/moving_mean (DT_FLOAT) [64]
InceptionV3/Mixed_5c/Branch_0/Conv2d_0a_1x1/weights (DT_FLOAT) [1,1,256,64]
InceptionV3/Mixed_5b/Branch_2/Conv2d_0b_3x3/BatchNorm/moving_mean (DT_FLOAT) [96]
InceptionV3/Mixed_6c/Branch_1/Conv2d_0b_1x7/BatchNorm/moving_variance (DT_FLOAT) [160]
InceptionV3/Mixed_5d/Branch_1/Conv2d_0b_5x5/BatchNorm/beta (DT_FLOAT) [64]
InceptionV3/Mixed_5d/Branch_1/Conv2d_0b_5x5/BatchNorm/moving_mean (DT_FLOAT) [64]
InceptionV3/Mixed_5c/Branch_3/Conv2d_0b_1x1/BatchNorm/moving_mean (DT_FLOAT) [64]
InceptionV3/Mixed_5d/Branch_1/Conv2d_0b_5x5/BatchNorm/moving_variance (DT_FLOAT) [64]
InceptionV3/Mixed_6c/Branch_2/Conv2d_0a_1x1/BatchNorm/beta (DT_FLOAT) [160]
InceptionV3/Mixed_5d/Branch_2/Conv2d_0a_1x1/BatchNorm/moving_variance (DT_FLOAT) [64]
InceptionV3/Mixed_5d/Branch_2/Conv2d_0b_3x3/BatchNorm/beta (DT_FLOAT) [96]
InceptionV3/Mixed_5d/Branch_2/Conv2d_0c_3x3/BatchNorm/moving_mean (DT_FLOAT) [96]
InceptionV3/Mixed_5d/Branch_2/Conv2d_0c_3x3/BatchNorm/moving_variance (DT_FLOAT) [96]
InceptionV3/Mixed_5d/Branch_2/Conv2d_0b_3x3/weights (DT_FLOAT) [3,3,64,96]
InceptionV3/Mixed_5d/Branch_3/Conv2d_0b_1x1/BatchNorm/moving_variance (DT_FLOAT) [64]
InceptionV3/Mixed_5d/Branch_3/Conv2d_0b_1x1/weights (DT_FLOAT) [1,1,288,64]
InceptionV3/Mixed_6d/Branch_2/Conv2d_0d_7x1/BatchNorm/moving_variance (DT_FLOAT) [160]
InceptionV3/Mixed_5b/Branch_2/Conv2d_0b_3x3/BatchNorm/beta (DT_FLOAT) [96]
InceptionV3/Mixed_6a/Branch_0/Conv2d_1a_1x1/BatchNorm/beta (DT_FLOAT) [384]
InceptionV3/Mixed_7a/Branch_1/Conv2d_0a_1x1/weights (DT_FLOAT) [1,1,768,192]
InceptionV3/Mixed_6c/Branch_2/Conv2d_0d_7x1/BatchNorm/moving_mean (DT_FLOAT) [160]
InceptionV3/Mixed_5d/Branch_2/Conv2d_0a_1x1/BatchNorm/beta (DT_FLOAT) [64]
InceptionV3/Mixed_6a/Branch_0/Conv2d_1a_1x1/BatchNorm/moving_variance (DT_FLOAT) [384]
InceptionV3/Mixed_6d/Branch_2/Conv2d_0a_1x1/BatchNorm/beta (DT_FLOAT) [160]
InceptionV3/Mixed_6a/Branch_1/Conv2d_0a_1x1/weights (DT_FLOAT) [1,1,288,64]
InceptionV3/Mixed_6a/Branch_1/Conv2d_0b_3x3/BatchNorm/beta (DT_FLOAT) [96]
InceptionV3/Mixed_6a/Branch_0/Conv2d_1a_1x1/weights (DT_FLOAT) [3,3,288,384]
InceptionV3/Mixed_6a/Branch_1/Conv2d_0a_1x1/BatchNorm/moving_variance (DT_FLOAT) [64]
InceptionV3/Mixed_6a/Branch_1/Conv2d_0b_3x3/BatchNorm/moving_mean (DT_FLOAT) [96]
InceptionV3/Mixed_7c/Branch_1/Conv2d_0b_1x3/BatchNorm/moving_variance (DT_FLOAT) [384]
InceptionV3/Mixed_7a/Branch_1/Conv2d_1a_3x3/BatchNorm/beta (DT_FLOAT) [192]
InceptionV3/Mixed_5d/Branch_2/Conv2d_0b_3x3/BatchNorm/moving_mean (DT_FLOAT) [96]
InceptionV3/Mixed_6a/Branch_1/Conv2d_0b_3x3/BatchNorm/moving_variance (DT_FLOAT) [96]
InceptionV3/Mixed_6c/Branch_1/Conv2d_0c_7x1/BatchNorm/moving_variance (DT_FLOAT) [192]
InceptionV3/Mixed_6a/Branch_1/Conv2d_0b_3x3/weights (DT_FLOAT) [3,3,64,96]
InceptionV3/Mixed_6d/Branch_2/Conv2d_0e_1x7/BatchNorm/beta (DT_FLOAT) [192]
InceptionV3/Mixed_6a/Branch_1/Conv2d_1a_1x1/BatchNorm/beta (DT_FLOAT) [96]
InceptionV3/Mixed_6a/Branch_1/Conv2d_1a_1x1/BatchNorm/moving_variance (DT_FLOAT) [96]
InceptionV3/Mixed_6b/Branch_3/Conv2d_0b_1x1/BatchNorm/beta (DT_FLOAT) [192]
InceptionV3/Mixed_6d/Branch_3/Conv2d_0b_1x1/BatchNorm/moving_variance (DT_FLOAT) [192]
InceptionV3/Mixed_6a/Branch_1/Conv2d_1a_1x1/weights (DT_FLOAT) [3,3,96,96]
InceptionV3/Mixed_6b/Branch_0/Conv2d_0a_1x1/BatchNorm/moving_variance (DT_FLOAT) [192]
InceptionV3/Mixed_5c/Branch_2/Conv2d_0c_3x3/BatchNorm/moving_variance (DT_FLOAT) [96]
InceptionV3/Mixed_5b/Branch_2/Conv2d_0a_1x1/BatchNorm/beta (DT_FLOAT) [64]
InceptionV3/Mixed_6b/Branch_0/Conv2d_0a_1x1/weights (DT_FLOAT) [1,1,768,192]
InceptionV3/Mixed_7c/Branch_1/Conv2d_0b_1x3/BatchNorm/beta (DT_FLOAT) [384]
InceptionV3/Mixed_7b/Branch_1/Conv2d_0a_1x1/BatchNorm/moving_mean (DT_FLOAT) [384]
InceptionV3/Mixed_6b/Branch_1/Conv2d_0a_1x1/BatchNorm/beta (DT_FLOAT) [128]
InceptionV3/Mixed_6b/Branch_1/Conv2d_0a_1x1/weights (DT_FLOAT) [1,1,768,128]
InceptionV3/Mixed_6b/Branch_1/Conv2d_0b_1x7/BatchNorm/beta (DT_FLOAT) [128]
InceptionV3/Mixed_6e/Branch_3/Conv2d_0b_1x1/BatchNorm/moving_mean (DT_FLOAT) [192]
InceptionV3/Mixed_5c/Branch_2/Conv2d_0b_3x3/BatchNorm/beta (DT_FLOAT) [96]
InceptionV3/Mixed_6b/Branch_1/Conv2d_0b_1x7/BatchNorm/moving_variance (DT_FLOAT) [128]
InceptionV3/Mixed_6e/Branch_2/Conv2d_0d_7x1/BatchNorm/moving_mean (DT_FLOAT) [192]
InceptionV3/Mixed_6b/Branch_1/Conv2d_0b_1x7/weights (DT_FLOAT) [1,7,128,128]
InceptionV3/Mixed_7c/Branch_0/Conv2d_0a_1x1/weights (DT_FLOAT) [1,1,2048,320]
InceptionV3/Mixed_7b/Branch_1/Conv2d_0b_3x1/BatchNorm/beta (DT_FLOAT) [384]
InceptionV3/Mixed_7a/Branch_1/Conv2d_0b_1x7/BatchNorm/moving_mean (DT_FLOAT) [192]
InceptionV3/Mixed_6b/Branch_1/Conv2d_0c_7x1/BatchNorm/moving_mean (DT_FLOAT) [192]
InceptionV3/Mixed_7c/Branch_1/Conv2d_0b_1x3/BatchNorm/moving_mean (DT_FLOAT) [384]
InceptionV3/Mixed_6e/Branch_2/Conv2d_0d_7x1/BatchNorm/moving_variance (DT_FLOAT) [192]
InceptionV3/Mixed_6b/Branch_3/Conv2d_0b_1x1/weights (DT_FLOAT) [1,1,768,192]
InceptionV3/Mixed_6b/Branch_2/Conv2d_0a_1x1/BatchNorm/beta (DT_FLOAT) [128]
InceptionV3/Mixed_6c/Branch_2/Conv2d_0b_7x1/BatchNorm/moving_mean (DT_FLOAT) [160]
InceptionV3/Mixed_7c/Branch_2/Conv2d_0d_3x1/weights (DT_FLOAT) [3,1,384,384]
InceptionV3/Mixed_6b/Branch_2/Conv2d_0a_1x1/BatchNorm/moving_mean (DT_FLOAT) [128]
InceptionV3/Mixed_5d/Branch_0/Conv2d_0a_1x1/weights (DT_FLOAT) [1,1,288,64]
InceptionV3/Mixed_6c/Branch_1/Conv2d_0a_1x1/weights (DT_FLOAT) [1,1,768,160]
InceptionV3/Mixed_5b/Branch_2/Conv2d_0b_3x3/weights (DT_FLOAT) [3,3,64,96]
InceptionV3/Mixed_6b/Branch_2/Conv2d_0a_1x1/BatchNorm/moving_variance (DT_FLOAT) [128]
InceptionV3/Mixed_6c/Branch_1/Conv2d_0a_1x1/BatchNorm/beta (DT_FLOAT) [160]
InceptionV3/Mixed_6b/Branch_2/Conv2d_0b_7x1/BatchNorm/moving_mean (DT_FLOAT) [128]
InceptionV3/Mixed_6b/Branch_2/Conv2d_0b_7x1/BatchNorm/moving_variance (DT_FLOAT) [128]
InceptionV3/Mixed_6b/Branch_2/Conv2d_0e_1x7/BatchNorm/moving_mean (DT_FLOAT) [192]
InceptionV3/Mixed_6b/Branch_2/Conv2d_0b_7x1/weights (DT_FLOAT) [7,1,128,128]
InceptionV3/Mixed_6e/Branch_2/Conv2d_0c_1x7/BatchNorm/moving_variance (DT_FLOAT) [192]
InceptionV3/Mixed_6c/Branch_2/Conv2d_0e_1x7/BatchNorm/moving_variance (DT_FLOAT) [192]
InceptionV3/Mixed_6b/Branch_2/Conv2d_0c_1x7/weights (DT_FLOAT) [1,7,128,128]
InceptionV3/Mixed_7b/Branch_2/Conv2d_0b_3x3/BatchNorm/beta (DT_FLOAT) [384]
InceptionV3/Mixed_5d/Branch_1/Conv2d_0a_1x1/BatchNorm/beta (DT_FLOAT) [48]
InceptionV3/Mixed_6b/Branch_2/Conv2d_0d_7x1/BatchNorm/moving_variance (DT_FLOAT) [128]
InceptionV3/Mixed_6c/Branch_3/Conv2d_0b_1x1/BatchNorm/beta (DT_FLOAT) [192]
InceptionV3/Mixed_5d/Branch_2/Conv2d_0a_1x1/BatchNorm/moving_mean (DT_FLOAT) [64]
InceptionV3/Mixed_6b/Branch_2/Conv2d_0d_7x1/weights (DT_FLOAT) [7,1,128,128]
InceptionV3/Mixed_6c/Branch_0/Conv2d_0a_1x1/BatchNorm/moving_mean (DT_FLOAT) [192]
InceptionV3/Mixed_6b/Branch_2/Conv2d_0e_1x7/BatchNorm/moving_variance (DT_FLOAT) [192]
InceptionV3/Mixed_5c/Branch_1/Conv2d_0b_1x1/BatchNorm/moving_variance (DT_FLOAT) [48]
InceptionV3/Mixed_6b/Branch_1/Conv2d_0b_1x7/BatchNorm/moving_mean (DT_FLOAT) [128]
InceptionV3/Mixed_6b/Branch_3/Conv2d_0b_1x1/BatchNorm/moving_mean (DT_FLOAT) [192]
InceptionV3/Mixed_7c/Branch_3/Conv2d_0b_1x1/BatchNorm/moving_mean (DT_FLOAT) [192]
InceptionV3/Conv2d_2a_3x3/BatchNorm/beta (DT_FLOAT) [32]
InceptionV3/Mixed_5b/Branch_2/Conv2d_0c_3x3/BatchNorm/beta (DT_FLOAT) [96]
InceptionV3/Mixed_6b/Branch_3/Conv2d_0b_1x1/BatchNorm/moving_variance (DT_FLOAT) [192]
InceptionV3/Mixed_6c/Branch_0/Conv2d_0a_1x1/weights (DT_FLOAT) [1,1,768,192]
InceptionV3/AuxLogits/Conv2d_1b_1x1/BatchNorm/moving_mean (DT_FLOAT) [128]
InceptionV3/Mixed_6c/Branch_0/Conv2d_0a_1x1/BatchNorm/beta (DT_FLOAT) [192]
InceptionV3/Mixed_6c/Branch_1/Conv2d_0a_1x1/BatchNorm/moving_mean (DT_FLOAT) [160]
InceptionV3/Mixed_6c/Branch_1/Conv2d_0b_1x7/BatchNorm/beta (DT_FLOAT) [160]
InceptionV3/Mixed_6c/Branch_1/Conv2d_0c_7x1/BatchNorm/beta (DT_FLOAT) [192]
InceptionV3/Mixed_5c/Branch_1/Conv_1_0c_5x5/weights (DT_FLOAT) [5,5,48,64]
InceptionV3/Mixed_6c/Branch_1/Conv2d_0c_7x1/weights (DT_FLOAT) [7,1,160,192]
InceptionV3/Mixed_7c/Branch_2/Conv2d_0d_3x1/BatchNorm/moving_variance (DT_FLOAT) [384]
InceptionV3/Mixed_6c/Branch_2/Conv2d_0a_1x1/BatchNorm/moving_mean (DT_FLOAT) [160]
InceptionV3/Mixed_6c/Branch_2/Conv2d_0b_7x1/BatchNorm/moving_variance (DT_FLOAT) [160]
InceptionV3/Mixed_6c/Branch_2/Conv2d_0c_1x7/BatchNorm/moving_mean (DT_FLOAT) [160]

# Total number of params: 27182195

Restore fail.
